<?xml version="1.0" encoding="UTF-8"?>
<testsuite name="com.example.kaumobile.ExampleUnitTest" tests="1" skipped="0" failures="0" errors="0" timestamp="2021-03-31T14:37:51" hostname="AREUM" time="0.003">
  <properties/>
  <testcase name="addition_isCorrect" classname="com.example.kaumobile.ExampleUnitTest" time="0.003"/>
  <system-out><![CDATA[]]></system-out>
  <system-err><![CDATA[]]></system-err>
</testsuite>
